[debug] [2023-12-06T13:26:01.385Z] ----------------------------------------------------------------------
[debug] [2023-12-06T13:26:01.386Z] Command:       C:\Program Files\nodejs\node.exe C:\Users\berha\AppData\Roaming\npm\node_modules\firebase-tools\lib\bin\firebase.js init
[debug] [2023-12-06T13:26:01.386Z] CLI Version:   12.9.1
[debug] [2023-12-06T13:26:01.387Z] Platform:      win32
[debug] [2023-12-06T13:26:01.387Z] Node Version:  v18.18.2
[debug] [2023-12-06T13:26:01.387Z] Time:          Wed Dec 06 2023 08:26:01 GMT-0500 (Eastern Standard Time)
[debug] [2023-12-06T13:26:01.387Z] ----------------------------------------------------------------------
[debug] 
[debug] [2023-12-06T13:26:01.391Z] > command requires scopes: ["email","openid","https://www.googleapis.com/auth/cloudplatformprojects.readonly","https://www.googleapis.com/auth/firebase","https://www.googleapis.com/auth/cloud-platform"]
[debug] [2023-12-06T13:26:01.391Z] > authorizing via signed-in user (berhane897@gmail.com)
[info] 
     ######## #### ########  ######## ########     ###     ######  ########
     ##        ##  ##     ## ##       ##     ##  ##   ##  ##       ##
     ######    ##  ########  ######   ########  #########  ######  ######
     ##        ##  ##    ##  ##       ##     ## ##     ##       ## ##
     ##       #### ##     ## ######## ########  ##     ##  ######  ########

You're about to initialize a Firebase project in this directory:

  C:\Users\berha\Desktop\NetflixProject\netflix

[info] 
=== Project Setup
[info] 
[info] First, let's associate this project directory with a Firebase project.
[info] You can create multiple project aliases by running firebase use --add, 
[info] but for now we'll just set up a default project.
[info] 
